#
# There is insufficient memory for the Java Runtime Environment to continue.
# Native memory allocation (malloc) failed to allocate 1267536 bytes for Chunk::new
# Possible reasons:
#   The system is out of physical RAM or swap space
#   The process is running with CompressedOops enabled, and the Java Heap may be blocking the growth of the native heap
# Possible solutions:
#   Reduce memory load on the system
#   Increase physical memory or swap space
#   Check if swap backing store is full
#   Decrease Java heap size (-Xmx/-Xms)
#   Decrease number of Java threads
#   Decrease Java thread stack sizes (-Xss)
#   Set larger code cache with -XX:ReservedCodeCacheSize=
#   JVM is running with Unscaled Compressed Oops mode in which the Java heap is
#     placed in the first 4GB address space. The Java Heap base address is the
#     maximum limit for the native heap growth. Please use -XX:HeapBaseMinAddress
#     to set the Java Heap base and to place the Java Heap above 4GB virtual address.
# This output file may be truncated or incomplete.
#
#  Out of Memory Error (./src/hotspot/share/memory/arena.cpp:197), pid=13724, tid=18440
#
# JRE version: OpenJDK Runtime Environment Microsoft-40648 (11.0.16.1+1) (build 11.0.16.1+1-LTS)
# Java VM: OpenJDK 64-Bit Server VM Microsoft-40648 (11.0.16.1+1-LTS, mixed mode, tiered, compressed oops, g1 gc, windows-amd64)
# No core dump will be written. Minidumps are not enabled by default on client versions of Windows
#

---------------  S U M M A R Y ------------

Command Line: --add-opens=java.base/java.lang=ALL-UNNAMED --add-opens=java.base/java.lang.invoke=ALL-UNNAMED --add-opens=java.base/java.util=ALL-UNNAMED --add-opens=java.prefs/java.util.prefs=ALL-UNNAMED --add-exports=jdk.compiler/com.sun.tools.javac.api=ALL-UNNAMED --add-exports=jdk.compiler/com.sun.tools.javac.util=ALL-UNNAMED --add-opens=java.base/java.util=ALL-UNNAMED --add-opens=java.prefs/java.util.prefs=ALL-UNNAMED --add-opens=java.base/java.nio.charset=ALL-UNNAMED --add-opens=java.base/java.net=ALL-UNNAMED --add-opens=java.base/java.util.concurrent.atomic=ALL-UNNAMED --add-opens=java.xml/javax.xml.namespace=ALL-UNNAMED -Xmx1024m -Dfile.encoding=UTF-8 -Duser.country=ZA -Duser.language=en -Duser.variant -javaagent:C:\Users\Reneilwe\.gradle\wrapper\dists\gradle-8.13-bin\5xuhj0ry160q40clulazy9h7d\gradle-8.13\lib\agents\gradle-instrumentation-agent-8.13.jar org.gradle.launcher.daemon.bootstrap.GradleDaemon 8.13

Host: Intel(R) Celeron(R) N4020 CPU @ 1.10GHz, 2 cores, 3G,  Windows 11 , 64 bit Build 22621 (10.0.22621.5415)
Time: Tue Oct 21 01:25:50 2025 South Africa Standard Time elapsed time: 100.790860 seconds (0d 0h 1m 40s)

---------------  T H R E A D  ---------------

Current thread (0x00000204acdcd000):  JavaThread "C2 CompilerThread0" daemon [_thread_in_native, id=18440, stack(0x0000005e35000000,0x0000005e35100000)]


Current CompileTask:
C2: 100791 12831       4       org.objectweb.asm.ClassReader::readStackMapFrame (535 bytes)

Stack: [0x0000005e35000000,0x0000005e35100000]
Native frames: (J=compiled Java code, j=interpreted, Vv=VM code, C=native code)
V  [jvm.dll+0x62652a]
V  [jvm.dll+0x7b3249]
V  [jvm.dll+0x7b4938]
V  [jvm.dll+0x7b5013]
V  [jvm.dll+0x24fca8]
V  [jvm.dll+0xc262c]
V  [jvm.dll+0xc2bec]
V  [jvm.dll+0x359e77]
V  [jvm.dll+0x326003]
V  [jvm.dll+0x32533a]
V  [jvm.dll+0x208fd5]
V  [jvm.dll+0x2080fd]
V  [jvm.dll+0x18a411]
V  [jvm.dll+0x217954]
V  [jvm.dll+0x215b9b]
V  [jvm.dll+0x775d50]
V  [jvm.dll+0x76ec84]
V  [jvm.dll+0x625395]
C  [ucrtbase.dll+0x29333]
C  [KERNEL32.DLL+0x1259d]
C  [ntdll.dll+0x5af78]


---------------  P R O C E S S  ---------------

Threads class SMR info:
_java_thread_list=0x00000204be21f1b0, length=35, elements={
0x000002048e8a0000, 0x00000204acdbe800, 0x00000204acdc2000, 0x00000204acdc7000,
0x00000204acdc9000, 0x00000204acdca000, 0x00000204acdcd000, 0x00000204acdce000,
0x00000204acfa7800, 0x00000204ad092800, 0x00000204aea5b000, 0x00000204aef9f800,
0x00000204ae3b7800, 0x00000204adda8800, 0x00000204af5bf800, 0x00000204ae13d800,
0x00000204af63b800, 0x00000204af60d800, 0x00000204adf18800, 0x00000204adf19800,
0x00000204af540000, 0x00000204af53a000, 0x00000204af53b800, 0x00000204af540800,
0x00000204af53c800, 0x00000204af53b000, 0x00000204af53d800, 0x00000204af53e000,
0x00000204b1b30800, 0x00000204b1b32800, 0x00000204b1b31800, 0x00000204b1b35800,
0x00000204b1b37000, 0x00000204b1b38000, 0x00000204b1b39000
}

Java Threads: ( => current thread )
  0x000002048e8a0000 JavaThread "main" [_thread_blocked, id=19000, stack(0x0000005e34400000,0x0000005e34500000)]
  0x00000204acdbe800 JavaThread "Reference Handler" daemon [_thread_blocked, id=20452, stack(0x0000005e34b00000,0x0000005e34c00000)]
  0x00000204acdc2000 JavaThread "Finalizer" daemon [_thread_blocked, id=19668, stack(0x0000005e34c00000,0x0000005e34d00000)]
  0x00000204acdc7000 JavaThread "Signal Dispatcher" daemon [_thread_blocked, id=14692, stack(0x0000005e34d00000,0x0000005e34e00000)]
  0x00000204acdc9000 JavaThread "Attach Listener" daemon [_thread_blocked, id=22064, stack(0x0000005e34e00000,0x0000005e34f00000)]
  0x00000204acdca000 JavaThread "Service Thread" daemon [_thread_blocked, id=6920, stack(0x0000005e34f00000,0x0000005e35000000)]
=>0x00000204acdcd000 JavaThread "C2 CompilerThread0" daemon [_thread_in_native, id=18440, stack(0x0000005e35000000,0x0000005e35100000)]
  0x00000204acdce000 JavaThread "C1 CompilerThread0" daemon [_thread_blocked, id=19976, stack(0x0000005e35100000,0x0000005e35200000)]
  0x00000204acfa7800 JavaThread "Sweeper thread" daemon [_thread_blocked, id=19844, stack(0x0000005e35200000,0x0000005e35300000)]
  0x00000204ad092800 JavaThread "Common-Cleaner" daemon [_thread_blocked, id=20932, stack(0x0000005e35300000,0x0000005e35400000)]
  0x00000204aea5b000 JavaThread "Daemon health stats" [_thread_blocked, id=3696, stack(0x0000005e35600000,0x0000005e35700000)]
  0x00000204aef9f800 JavaThread "Incoming local TCP Connector on port 58853" [_thread_in_native, id=18892, stack(0x0000005e35700000,0x0000005e35800000)]
  0x00000204ae3b7800 JavaThread "Daemon periodic checks" [_thread_blocked, id=9688, stack(0x0000005e35800000,0x0000005e35900000)]
  0x00000204adda8800 JavaThread "Daemon" [_thread_blocked, id=3604, stack(0x0000005e35900000,0x0000005e35a00000)]
  0x00000204af5bf800 JavaThread "Handler for socket connection from /127.0.0.1:58853 to /127.0.0.1:58854" [_thread_in_native, id=9192, stack(0x0000005e35a00000,0x0000005e35b00000)]
  0x00000204ae13d800 JavaThread "Cancel handler" [_thread_blocked, id=10736, stack(0x0000005e35b00000,0x0000005e35c00000)]
  0x00000204af63b800 JavaThread "Daemon worker" [_thread_in_native, id=4456, stack(0x0000005e35c00000,0x0000005e35d00000)]
  0x00000204af60d800 JavaThread "Asynchronous log dispatcher for DefaultDaemonConnection: socket connection from /127.0.0.1:58853 to /127.0.0.1:58854" [_thread_blocked, id=22444, stack(0x0000005e35d00000,0x0000005e35e00000)]
  0x00000204adf18800 JavaThread "Stdin handler" [_thread_blocked, id=21912, stack(0x0000005e35e00000,0x0000005e35f00000)]
  0x00000204adf19800 JavaThread "Daemon client event forwarder" [_thread_blocked, id=17180, stack(0x0000005e35f00000,0x0000005e36000000)]
  0x00000204af540000 JavaThread "Cache worker for journal cache (C:\Users\Reneilwe\.gradle\caches\journal-1)" [_thread_blocked, id=16160, stack(0x0000005e36000000,0x0000005e36100000)]
  0x00000204af53a000 JavaThread "File lock request listener" [_thread_in_native, id=8792, stack(0x0000005e36100000,0x0000005e36200000)]
  0x00000204af53b800 JavaThread "Cache worker for file hash cache (C:\Users\Reneilwe\.gradle\caches\8.13\fileHashes)" [_thread_blocked, id=15456, stack(0x0000005e36200000,0x0000005e36300000)]
  0x00000204af540800 JavaThread "Problems report writer" [_thread_blocked, id=18072, stack(0x0000005e36300000,0x0000005e36400000)]
  0x00000204af53c800 JavaThread "Cache worker for file hash cache (C:\Users\Reneilwe\AndroidStudioProjects\Lujo_B-outique\.gradle\8.13\fileHashes)" [_thread_blocked, id=16808, stack(0x0000005e36400000,0x0000005e36500000)]
  0x00000204af53b000 JavaThread "Cache worker for Build Output Cleanup Cache (C:\Users\Reneilwe\AndroidStudioProjects\Lujo_B-outique\.gradle\buildOutputCleanup)" [_thread_blocked, id=20036, stack(0x0000005e36500000,0x0000005e36600000)]
  0x00000204af53d800 JavaThread "File watcher server" daemon [_thread_in_native, id=19660, stack(0x0000005e36600000,0x0000005e36700000)]
  0x00000204af53e000 JavaThread "File watcher consumer" daemon [_thread_blocked, id=4668, stack(0x0000005e36700000,0x0000005e36800000)]
  0x00000204b1b30800 JavaThread "Cache worker for checksums cache (C:\Users\Reneilwe\AndroidStudioProjects\Lujo_B-outique\.gradle\8.13\checksums)" [_thread_blocked, id=21492, stack(0x0000005e36a00000,0x0000005e36b00000)]
  0x00000204b1b32800 JavaThread "Cache worker for file content cache (C:\Users\Reneilwe\.gradle\caches\8.13\fileContent)" [_thread_blocked, id=13344, stack(0x0000005e36b00000,0x0000005e36c00000)]
  0x00000204b1b31800 JavaThread "Cache worker for cache directory md-supplier (C:\Users\Reneilwe\.gradle\caches\8.13\md-supplier)" [_thread_blocked, id=20184, stack(0x0000005e36c00000,0x0000005e36d00000)]
  0x00000204b1b35800 JavaThread "Cache worker for cache directory md-rule (C:\Users\Reneilwe\.gradle\caches\8.13\md-rule)" [_thread_blocked, id=14504, stack(0x0000005e36d00000,0x0000005e36e00000)]
  0x00000204b1b37000 JavaThread "Unconstrained build operations" [_thread_blocked, id=22256, stack(0x0000005e34200000,0x0000005e34300000)]
  0x00000204b1b38000 JavaThread "Unconstrained build operations Thread 2" [_thread_blocked, id=5628, stack(0x0000005e34300000,0x0000005e34400000)]
  0x00000204b1b39000 JavaThread "Unconstrained build operations Thread 3" [_thread_in_native, id=4000, stack(0x0000005e36e00000,0x0000005e36f00000)]

Other Threads:
  0x00000204acda5800 VMThread "VM Thread" [stack: 0x0000005e34a00000,0x0000005e34b00000] [id=11752]
  0x00000204ad2c7000 WatcherThread [stack: 0x0000005e35400000,0x0000005e35500000] [id=17816]
  0x000002048e8bb000 GCTaskThread "GC Thread#0" [stack: 0x0000005e34500000,0x0000005e34600000] [id=21900]
  0x00000204ad34a000 GCTaskThread "GC Thread#1" [stack: 0x0000005e35500000,0x0000005e35600000] [id=21768]
  0x000002048e8d4800 ConcurrentGCThread "G1 Main Marker" [stack: 0x0000005e34600000,0x0000005e34700000] [id=13840]
  0x000002048e8d6000 ConcurrentGCThread "G1 Conc#0" [stack: 0x0000005e34700000,0x0000005e34800000] [id=21692]
  0x000002048e916000 ConcurrentGCThread "G1 Refine#0" [stack: 0x0000005e34800000,0x0000005e34900000] [id=19164]
  0x000002048e917000 ConcurrentGCThread "G1 Young RemSet Sampling" [stack: 0x0000005e34900000,0x0000005e34a00000] [id=4016]

Threads with active compile tasks:
C2 CompilerThread0   100855 12831       4       org.objectweb.asm.ClassReader::readStackMapFrame (535 bytes)

VM state:not at safepoint (normal execution)

VM Mutex/Monitor currently owned by a thread: None

Heap address: 0x00000000c0000000, size: 1024 MB, Compressed Oops mode: 32-bit
Narrow klass base: 0x0000000000000000, Narrow klass shift: 3
Compressed class space size: 1073741824 Address: 0x0000000100000000

Heap:
 garbage-first heap   total 165888K, used 103700K [0x00000000c0000000, 0x0000000100000000)
  region size 1024K, 10 young (10240K), 1 survivors (1024K)
 Metaspace       used 125406K, capacity 128784K, committed 128896K, reserved 1161216K
  class space    used 15267K, capacity 16674K, committed 16768K, reserved 1048576K
Heap Regions: E=young(eden), S=young(survivor), O=old, HS=humongous(starts), HC=humongous(continues), CS=collection set, F=free, A=archive, TAMS=top-at-mark-start (previous, next)
|   0|0x00000000c0000000, 0x00000000c0100000, 0x00000000c0100000|100%| O|  |TAMS 0x00000000c0100000, 0x00000000c0000000| Untracked 
|   1|0x00000000c0100000, 0x00000000c0200000, 0x00000000c0200000|100%|HS|  |TAMS 0x00000000c0200000, 0x00000000c0100000| Complete 
|   2|0x00000000c0200000, 0x00000000c0300000, 0x00000000c0300000|100%|HC|  |TAMS 0x00000000c0300000, 0x00000000c0200000| Complete 
|   3|0x00000000c0300000, 0x00000000c0400000, 0x00000000c0400000|100%|HC|  |TAMS 0x00000000c0400000, 0x00000000c0300000| Complete 
|   4|0x00000000c0400000, 0x00000000c0500000, 0x00000000c0500000|100%| O|  |TAMS 0x00000000c0500000, 0x00000000c0400000| Untracked 
|   5|0x00000000c0500000, 0x00000000c0600000, 0x00000000c0600000|100%| O|  |TAMS 0x00000000c0600000, 0x00000000c0500000| Untracked 
|   6|0x00000000c0600000, 0x00000000c0700000, 0x00000000c0700000|100%| O|  |TAMS 0x00000000c0700000, 0x00000000c0600000| Untracked 
|   7|0x00000000c0700000, 0x00000000c0800000, 0x00000000c0800000|100%| O|  |TAMS 0x00000000c0800000, 0x00000000c0700000| Untracked 
|   8|0x00000000c0800000, 0x00000000c0900000, 0x00000000c0900000|100%| O|  |TAMS 0x00000000c0900000, 0x00000000c0800000| Untracked 
|   9|0x00000000c0900000, 0x00000000c0a00000, 0x00000000c0a00000|100%| O|  |TAMS 0x00000000c0a00000, 0x00000000c0900000| Untracked 
|  10|0x00000000c0a00000, 0x00000000c0b00000, 0x00000000c0b00000|100%| O|  |TAMS 0x00000000c0b00000, 0x00000000c0a00000| Untracked 
|  11|0x00000000c0b00000, 0x00000000c0c00000, 0x00000000c0c00000|100%|HS|  |TAMS 0x00000000c0c00000, 0x00000000c0b00000| Complete 
|  12|0x00000000c0c00000, 0x00000000c0d00000, 0x00000000c0d00000|100%| O|  |TAMS 0x00000000c0d00000, 0x00000000c0c00000| Untracked 
|  13|0x00000000c0d00000, 0x00000000c0e00000, 0x00000000c0e00000|100%| O|  |TAMS 0x00000000c0e00000, 0x00000000c0d00000| Untracked 
|  14|0x00000000c0e00000, 0x00000000c0f00000, 0x00000000c0f00000|100%| O|  |TAMS 0x00000000c0f00000, 0x00000000c0e00000| Untracked 
|  15|0x00000000c0f00000, 0x00000000c1000000, 0x00000000c1000000|100%| O|  |TAMS 0x00000000c1000000, 0x00000000c0f00000| Untracked 
|  16|0x00000000c1000000, 0x00000000c1100000, 0x00000000c1100000|100%| O|  |TAMS 0x00000000c1100000, 0x00000000c1000000| Untracked 
|  17|0x00000000c1100000, 0x00000000c1200000, 0x00000000c1200000|100%| O|  |TAMS 0x00000000c1200000, 0x00000000c1100000| Untracked 
|  18|0x00000000c1200000, 0x00000000c1300000, 0x00000000c1300000|100%| O|  |TAMS 0x00000000c1300000, 0x00000000c1200000| Untracked 
|  19|0x00000000c1300000, 0x00000000c1400000, 0x00000000c1400000|100%| O|  |TAMS 0x00000000c1400000, 0x00000000c1300000| Untracked 
|  20|0x00000000c1400000, 0x00000000c1500000, 0x00000000c1500000|100%| O|  |TAMS 0x00000000c1500000, 0x00000000c1400000| Untracked 
|  21|0x00000000c1500000, 0x00000000c1600000, 0x00000000c1600000|100%| O|  |TAMS 0x00000000c1600000, 0x00000000c1500000| Untracked 
|  22|0x00000000c1600000, 0x00000000c1700000, 0x00000000c1700000|100%| O|  |TAMS 0x00000000c1700000, 0x00000000c1600000| Untracked 
|  23|0x00000000c1700000, 0x00000000c1800000, 0x00000000c1800000|100%| O|  |TAMS 0x00000000c1800000, 0x00000000c1700000| Untracked 
|  24|0x00000000c1800000, 0x00000000c1900000, 0x00000000c1900000|100%| O|  |TAMS 0x00000000c1900000, 0x00000000c1800000| Untracked 
|  25|0x00000000c1900000, 0x00000000c1a00000, 0x00000000c1a00000|100%| O|  |TAMS 0x00000000c1a00000, 0x00000000c1900000| Untracked 
|  26|0x00000000c1a00000, 0x00000000c1b00000, 0x00000000c1b00000|100%| O|  |TAMS 0x00000000c1b00000, 0x00000000c1a00000| Untracked 
|  27|0x00000000c1b00000, 0x00000000c1c00000, 0x00000000c1c00000|100%| O|  |TAMS 0x00000000c1c00000, 0x00000000c1b00000| Untracked 
|  28|0x00000000c1c00000, 0x00000000c1d00000, 0x00000000c1d00000|100%| O|  |TAMS 0x00000000c1d00000, 0x00000000c1c00000| Untracked 
|  29|0x00000000c1d00000, 0x00000000c1e00000, 0x00000000c1e00000|100%| O|  |TAMS 0x00000000c1e00000, 0x00000000c1d00000| Untracked 
|  30|0x00000000c1e00000, 0x00000000c1f00000, 0x00000000c1f00000|100%| O|  |TAMS 0x00000000c1f00000, 0x00000000c1e00000| Untracked 
|  31|0x00000000c1f00000, 0x00000000c2000000, 0x00000000c2000000|100%| O|  |TAMS 0x00000000c2000000, 0x00000000c1f00000| Untracked 
|  32|0x00000000c2000000, 0x00000000c2100000, 0x00000000c2100000|100%| O|  |TAMS 0x00000000c2100000, 0x00000000c2000000| Untracked 
|  33|0x00000000c2100000, 0x00000000c2200000, 0x00000000c2200000|100%| O|  |TAMS 0x00000000c2200000, 0x00000000c2100000| Untracked 
|  34|0x00000000c2200000, 0x00000000c2300000, 0x00000000c2300000|100%| O|  |TAMS 0x00000000c2300000, 0x00000000c2200000| Untracked 
|  35|0x00000000c2300000, 0x00000000c2400000, 0x00000000c2400000|100%|HS|  |TAMS 0x00000000c2400000, 0x00000000c2300000| Complete 
|  36|0x00000000c2400000, 0x00000000c2500000, 0x00000000c2500000|100%| O|  |TAMS 0x00000000c2500000, 0x00000000c2400000| Untracked 
|  37|0x00000000c2500000, 0x00000000c2600000, 0x00000000c2600000|100%| O|  |TAMS 0x00000000c2600000, 0x00000000c2500000| Untracked 
|  38|0x00000000c2600000, 0x00000000c2700000, 0x00000000c2700000|100%| O|  |TAMS 0x00000000c2700000, 0x00000000c2600000| Untracked 
|  39|0x00000000c2700000, 0x00000000c2800000, 0x00000000c2800000|100%| O|  |TAMS 0x00000000c2800000, 0x00000000c2700000| Untracked 
|  40|0x00000000c2800000, 0x00000000c2900000, 0x00000000c2900000|100%| O|  |TAMS 0x00000000c2900000, 0x00000000c2800000| Untracked 
|  41|0x00000000c2900000, 0x00000000c2a00000, 0x00000000c2a00000|100%| O|  |TAMS 0x00000000c2a00000, 0x00000000c2900000| Untracked 
|  42|0x00000000c2a00000, 0x00000000c2b00000, 0x00000000c2b00000|100%| O|  |TAMS 0x00000000c2b00000, 0x00000000c2a00000| Untracked 
|  43|0x00000000c2b00000, 0x00000000c2c00000, 0x00000000c2c00000|100%| O|  |TAMS 0x00000000c2c00000, 0x00000000c2b00000| Untracked 
|  44|0x00000000c2c00000, 0x00000000c2d00000, 0x00000000c2d00000|100%| O|  |TAMS 0x00000000c2d00000, 0x00000000c2c00000| Untracked 
|  45|0x00000000c2d00000, 0x00000000c2e00000, 0x00000000c2e00000|100%| O|  |TAMS 0x00000000c2e00000, 0x00000000c2d00000| Untracked 
|  46|0x00000000c2e00000, 0x00000000c2f00000, 0x00000000c2f00000|100%| O|  |TAMS 0x00000000c2f00000, 0x00000000c2e00000| Untracked 
|  47|0x00000000c2f00000, 0x00000000c3000000, 0x00000000c3000000|100%| O|  |TAMS 0x00000000c2f00000, 0x00000000c2f00000| Untracked 
|  48|0x00000000c3000000, 0x00000000c3100000, 0x00000000c3100000|100%| O|  |TAMS 0x00000000c3100000, 0x00000000c3000000| Untracked 
|  49|0x00000000c3100000, 0x00000000c3200000, 0x00000000c3200000|100%| O|  |TAMS 0x00000000c3200000, 0x00000000c3100000| Untracked 
|  50|0x00000000c3200000, 0x00000000c3300000, 0x00000000c3300000|100%| O|  |TAMS 0x00000000c3300000, 0x00000000c3200000| Untracked 
|  51|0x00000000c3300000, 0x00000000c3400000, 0x00000000c3400000|100%| O|  |TAMS 0x00000000c3400000, 0x00000000c3300000| Untracked 
|  52|0x00000000c3400000, 0x00000000c3500000, 0x00000000c3500000|100%| O|  |TAMS 0x00000000c3500000, 0x00000000c3400000| Untracked 
|  53|0x00000000c3500000, 0x00000000c3600000, 0x00000000c3600000|100%|HS|  |TAMS 0x00000000c3600000, 0x00000000c3500000| Complete 
|  54|0x00000000c3600000, 0x00000000c3700000, 0x00000000c3700000|100%|HC|  |TAMS 0x00000000c3700000, 0x00000000c3600000| Complete 
|  55|0x00000000c3700000, 0x00000000c3800000, 0x00000000c3800000|100%|HC|  |TAMS 0x00000000c3800000, 0x00000000c3700000| Complete 
|  56|0x00000000c3800000, 0x00000000c3900000, 0x00000000c3900000|100%|HC|  |TAMS 0x00000000c3900000, 0x00000000c3800000| Complete 
|  57|0x00000000c3900000, 0x00000000c3a00000, 0x00000000c3a00000|100%|HC|  |TAMS 0x00000000c3a00000, 0x00000000c3900000| Complete 
|  58|0x00000000c3a00000, 0x00000000c3b00000, 0x00000000c3b00000|100%|HC|  |TAMS 0x00000000c3b00000, 0x00000000c3a00000| Complete 
|  59|0x00000000c3b00000, 0x00000000c3c00000, 0x00000000c3c00000|100%| O|  |TAMS 0x00000000c3c00000, 0x00000000c3b00000| Untracked 
|  60|0x00000000c3c00000, 0x00000000c3d00000, 0x00000000c3d00000|100%| O|  |TAMS 0x00000000c3d00000, 0x00000000c3c00000| Untracked 
|  61|0x00000000c3d00000, 0x00000000c3e00000, 0x00000000c3e00000|100%| O|  |TAMS 0x00000000c3e00000, 0x00000000c3d00000| Untracked 
|  62|0x00000000c3e00000, 0x00000000c3f00000, 0x00000000c3f00000|100%| O|  |TAMS 0x00000000c3e00000, 0x00000000c3e00000| Untracked 
|  63|0x00000000c3f00000, 0x00000000c4000000, 0x00000000c4000000|100%| O|  |TAMS 0x00000000c3f00000, 0x00000000c3f00000| Untracked 
|  64|0x00000000c4000000, 0x00000000c4100000, 0x00000000c4100000|100%| O|  |TAMS 0x00000000c4100000, 0x00000000c4000000| Untracked 
|  65|0x00000000c4100000, 0x00000000c4200000, 0x00000000c4200000|100%| O|  |TAMS 0x00000000c4100000, 0x00000000c4100000| Untracked 
|  66|0x00000000c4200000, 0x00000000c4300000, 0x00000000c4300000|100%| O|  |TAMS 0x00000000c4200000, 0x00000000c4200000| Untracked 
|  67|0x00000000c4300000, 0x00000000c4400000, 0x00000000c4400000|100%| O|  |TAMS 0x00000000c4300000, 0x00000000c4300000| Untracked 
|  68|0x00000000c4400000, 0x00000000c4500000, 0x00000000c4500000|100%| O|  |TAMS 0x00000000c4400000, 0x00000000c4400000| Untracked 
|  69|0x00000000c4500000, 0x00000000c4600000, 0x00000000c4600000|100%| O|  |TAMS 0x00000000c4500000, 0x00000000c4500000| Untracked 
|  70|0x00000000c4600000, 0x00000000c4700000, 0x00000000c4700000|100%| O|  |TAMS 0x00000000c4700000, 0x00000000c4600000| Untracked 
|  71|0x00000000c4700000, 0x00000000c4800000, 0x00000000c4800000|100%| O|  |TAMS 0x00000000c4800000, 0x00000000c4700000| Untracked 
|  72|0x00000000c4800000, 0x00000000c4900000, 0x00000000c4900000|100%| O|  |TAMS 0x00000000c4800000, 0x00000000c4800000| Untracked 
|  73|0x00000000c4900000, 0x00000000c4a00000, 0x00000000c4a00000|100%| O|  |TAMS 0x00000000c4900000, 0x00000000c4900000| Untracked 
|  74|0x00000000c4a00000, 0x00000000c4b00000, 0x00000000c4b00000|100%| O|  |TAMS 0x00000000c4b00000, 0x00000000c4a00000| Untracked 
|  75|0x00000000c4b00000, 0x00000000c4c00000, 0x00000000c4c00000|100%| O|  |TAMS 0x00000000c4c00000, 0x00000000c4b00000| Untracked 
|  76|0x00000000c4c00000, 0x00000000c4d00000, 0x00000000c4d00000|100%| O|  |TAMS 0x00000000c4d00000, 0x00000000c4c00000| Untracked 
|  77|0x00000000c4d00000, 0x00000000c4e00000, 0x00000000c4e00000|100%| O|  |TAMS 0x00000000c4e00000, 0x00000000c4d00000| Untracked 
|  78|0x00000000c4e00000, 0x00000000c4f00000, 0x00000000c4f00000|100%| O|  |TAMS 0x00000000c4f00000, 0x00000000c4e00000| Untracked 
|  79|0x00000000c4f00000, 0x00000000c5000000, 0x00000000c5000000|100%| O|  |TAMS 0x00000000c5000000, 0x00000000c4f00000| Untracked 
|  80|0x00000000c5000000, 0x00000000c5100000, 0x00000000c5100000|100%| O|  |TAMS 0x00000000c505cc00, 0x00000000c5000000| Untracked 
|  81|0x00000000c5100000, 0x00000000c5200000, 0x00000000c5200000|100%| O|  |TAMS 0x00000000c5100000, 0x00000000c5100000| Untracked 
|  82|0x00000000c5200000, 0x00000000c5300000, 0x00000000c5300000|100%| O|  |TAMS 0x00000000c5200000, 0x00000000c5200000| Untracked 
|  83|0x00000000c5300000, 0x00000000c5400000, 0x00000000c5400000|100%| O|  |TAMS 0x00000000c5300000, 0x00000000c5300000| Untracked 
|  84|0x00000000c5400000, 0x00000000c5500000, 0x00000000c5500000|100%| O|  |TAMS 0x00000000c5500000, 0x00000000c5400000| Untracked 
|  85|0x00000000c5500000, 0x00000000c5600000, 0x00000000c5600000|100%| O|  |TAMS 0x00000000c5500000, 0x00000000c5500000| Untracked 
|  86|0x00000000c5600000, 0x00000000c5700000, 0x00000000c5700000|100%| O|  |TAMS 0x00000000c5600000, 0x00000000c5600000| Untracked 
|  87|0x00000000c5700000, 0x00000000c5800000, 0x00000000c5800000|100%| O|  |TAMS 0x00000000c5800000, 0x00000000c5700000| Untracked 
|  88|0x00000000c5800000, 0x00000000c5900000, 0x00000000c5900000|100%| O|  |TAMS 0x00000000c5900000, 0x00000000c5800000| Untracked 
|  89|0x00000000c5900000, 0x00000000c5a00000, 0x00000000c5a00000|100%| O|  |TAMS 0x00000000c5900000, 0x00000000c5900000| Untracked 
|  90|0x00000000c5a00000, 0x00000000c5b00000, 0x00000000c5b00000|100%| O|  |TAMS 0x00000000c5a00000, 0x00000000c5a00000| Untracked 
|  91|0x00000000c5b00000, 0x00000000c5c00000, 0x00000000c5c00000|100%| O|  |TAMS 0x00000000c5b00000, 0x00000000c5b00000| Untracked 
|  92|0x00000000c5c00000, 0x00000000c5cc7600, 0x00000000c5d00000| 77%| O|  |TAMS 0x00000000c5c00000, 0x00000000c5c00000| Untracked 
|  93|0x00000000c5d00000, 0x00000000c5d00000, 0x00000000c5e00000|  0%| F|  |TAMS 0x00000000c5d00000, 0x00000000c5d00000| Untracked 
|  94|0x00000000c5e00000, 0x00000000c5e00000, 0x00000000c5f00000|  0%| F|  |TAMS 0x00000000c5e00000, 0x00000000c5e00000| Untracked 
|  95|0x00000000c5f00000, 0x00000000c5f00000, 0x00000000c6000000|  0%| F|  |TAMS 0x00000000c5f00000, 0x00000000c5f00000| Untracked 
|  96|0x00000000c6000000, 0x00000000c6000000, 0x00000000c6100000|  0%| F|  |TAMS 0x00000000c6000000, 0x00000000c6000000| Untracked 
|  97|0x00000000c6100000, 0x00000000c6100000, 0x00000000c6200000|  0%| F|  |TAMS 0x00000000c6100000, 0x00000000c6100000| Untracked 
|  98|0x00000000c6200000, 0x00000000c6200000, 0x00000000c6300000|  0%| F|  |TAMS 0x00000000c6200000, 0x00000000c6200000| Untracked 
|  99|0x00000000c6300000, 0x00000000c6300000, 0x00000000c6400000|  0%| F|  |TAMS 0x00000000c6300000, 0x00000000c6300000| Untracked 
| 100|0x00000000c6400000, 0x00000000c6400000, 0x00000000c6500000|  0%| F|  |TAMS 0x00000000c6400000, 0x00000000c6400000| Untracked 
| 101|0x00000000c6500000, 0x00000000c6500000, 0x00000000c6600000|  0%| F|  |TAMS 0x00000000c6500000, 0x00000000c6500000| Untracked 
| 102|0x00000000c6600000, 0x00000000c6600000, 0x00000000c6700000|  0%| F|  |TAMS 0x00000000c6600000, 0x00000000c6600000| Untracked 
| 103|0x00000000c6700000, 0x00000000c6700000, 0x00000000c6800000|  0%| F|  |TAMS 0x00000000c6700000, 0x00000000c6700000| Untracked 
| 104|0x00000000c6800000, 0x00000000c6800000, 0x00000000c6900000|  0%| F|  |TAMS 0x00000000c6800000, 0x00000000c6800000| Untracked 
| 105|0x00000000c6900000, 0x00000000c6900000, 0x00000000c6a00000|  0%| F|  |TAMS 0x00000000c6900000, 0x00000000c6900000| Untracked 
| 106|0x00000000c6a00000, 0x00000000c6a00000, 0x00000000c6b00000|  0%| F|  |TAMS 0x00000000c6a00000, 0x00000000c6a00000| Untracked 
| 107|0x00000000c6b00000, 0x00000000c6b00000, 0x00000000c6c00000|  0%| F|  |TAMS 0x00000000c6b00000, 0x00000000c6b00000| Untracked 
| 108|0x00000000c6c00000, 0x00000000c6c00000, 0x00000000c6d00000|  0%| F|  |TAMS 0x00000000c6c00000, 0x00000000c6c00000| Untracked 
| 109|0x00000000c6d00000, 0x00000000c6d00000, 0x00000000c6e00000|  0%| F|  |TAMS 0x00000000c6d00000, 0x00000000c6d00000| Untracked 
| 110|0x00000000c6e00000, 0x00000000c6e00000, 0x00000000c6f00000|  0%| F|  |TAMS 0x00000000c6e00000, 0x00000000c6e00000| Untracked 
| 111|0x00000000c6f00000, 0x00000000c6f00000, 0x00000000c7000000|  0%| F|  |TAMS 0x00000000c6f00000, 0x00000000c6f00000| Untracked 
| 112|0x00000000c7000000, 0x00000000c7000000, 0x00000000c7100000|  0%| F|  |TAMS 0x00000000c7000000, 0x00000000c7000000| Untracked 
| 113|0x00000000c7100000, 0x00000000c7100000, 0x00000000c7200000|  0%| F|  |TAMS 0x00000000c7100000, 0x00000000c7100000| Untracked 
| 114|0x00000000c7200000, 0x00000000c7200000, 0x00000000c7300000|  0%| F|  |TAMS 0x00000000c7200000, 0x00000000c7200000| Untracked 
| 115|0x00000000c7300000, 0x00000000c7300000, 0x00000000c7400000|  0%| F|  |TAMS 0x00000000c7300000, 0x00000000c7300000| Untracked 
| 116|0x00000000c7400000, 0x00000000c7400000, 0x00000000c7500000|  0%| F|  |TAMS 0x00000000c7400000, 0x00000000c7400000| Untracked 
| 117|0x00000000c7500000, 0x00000000c757dc50, 0x00000000c7600000| 49%| S|CS|TAMS 0x00000000c7500000, 0x00000000c7500000| Complete 
| 118|0x00000000c7600000, 0x00000000c7600000, 0x00000000c7700000|  0%| F|  |TAMS 0x00000000c7600000, 0x00000000c7600000| Untracked 
| 119|0x00000000c7700000, 0x00000000c7700000, 0x00000000c7800000|  0%| F|  |TAMS 0x00000000c7700000, 0x00000000c7700000| Untracked 
| 120|0x00000000c7800000, 0x00000000c7800000, 0x00000000c7900000|  0%| F|  |TAMS 0x00000000c7800000, 0x00000000c7800000| Untracked 
| 121|0x00000000c7900000, 0x00000000c7900000, 0x00000000c7a00000|  0%| F|  |TAMS 0x00000000c7900000, 0x00000000c7900000| Untracked 
| 122|0x00000000c7a00000, 0x00000000c7a00000, 0x00000000c7b00000|  0%| F|  |TAMS 0x00000000c7a00000, 0x00000000c7a00000| Untracked 
| 123|0x00000000c7b00000, 0x00000000c7b00000, 0x00000000c7c00000|  0%| F|  |TAMS 0x00000000c7b00000, 0x00000000c7b00000| Untracked 
| 124|0x00000000c7c00000, 0x00000000c7c00000, 0x00000000c7d00000|  0%| F|  |TAMS 0x00000000c7c00000, 0x00000000c7c00000| Untracked 
| 125|0x00000000c7d00000, 0x00000000c7d00000, 0x00000000c7e00000|  0%| F|  |TAMS 0x00000000c7d00000, 0x00000000c7d00000| Untracked 
| 126|0x00000000c7e00000, 0x00000000c7e00000, 0x00000000c7f00000|  0%| F|  |TAMS 0x00000000c7e00000, 0x00000000c7e00000| Untracked 
| 127|0x00000000c7f00000, 0x00000000c7f00000, 0x00000000c8000000|  0%| F|  |TAMS 0x00000000c7f00000, 0x00000000c7f00000| Untracked 
| 128|0x00000000c8000000, 0x00000000c8000000, 0x00000000c8100000|  0%| F|  |TAMS 0x00000000c8000000, 0x00000000c8000000| Untracked 
| 129|0x00000000c8100000, 0x00000000c8100000, 0x00000000c8200000|  0%| F|  |TAMS 0x00000000c8100000, 0x00000000c8100000| Untracked 
| 130|0x00000000c8200000, 0x00000000c8200000, 0x00000000c8300000|  0%| F|  |TAMS 0x00000000c8200000, 0x00000000c8200000| Untracked 
| 131|0x00000000c8300000, 0x00000000c8300000, 0x00000000c8400000|  0%| F|  |TAMS 0x00000000c8300000, 0x00000000c8300000| Untracked 
| 132|0x00000000c8400000, 0x00000000c8400000, 0x00000000c8500000|  0%| F|  |TAMS 0x00000000c8400000, 0x00000000c8400000| Untracked 
| 133|0x00000000c8500000, 0x00000000c8500000, 0x00000000c8600000|  0%| F|  |TAMS 0x00000000c8500000, 0x00000000c8500000| Untracked 
| 134|0x00000000c8600000, 0x00000000c8600000, 0x00000000c8700000|  0%| F|  |TAMS 0x00000000c8600000, 0x00000000c8600000| Untracked 
| 135|0x00000000c8700000, 0x00000000c8700000, 0x00000000c8800000|  0%| F|  |TAMS 0x00000000c8700000, 0x00000000c8700000| Untracked 
| 136|0x00000000c8800000, 0x00000000c8800000, 0x00000000c8900000|  0%| F|  |TAMS 0x00000000c8800000, 0x00000000c8800000| Untracked 
| 137|0x00000000c8900000, 0x00000000c8900000, 0x00000000c8a00000|  0%| F|  |TAMS 0x00000000c8900000, 0x00000000c8900000| Untracked 
| 138|0x00000000c8a00000, 0x00000000c8a00000, 0x00000000c8b00000|  0%| F|  |TAMS 0x00000000c8a00000, 0x00000000c8a00000| Untracked 
| 139|0x00000000c8b00000, 0x00000000c8b00000, 0x00000000c8c00000|  0%| F|  |TAMS 0x00000000c8b00000, 0x00000000c8b00000| Untracked 
| 140|0x00000000c8c00000, 0x00000000c8c00000, 0x00000000c8d00000|  0%| F|  |TAMS 0x00000000c8c00000, 0x00000000c8c00000| Untracked 
| 141|0x00000000c8d00000, 0x00000000c8d00000, 0x00000000c8e00000|  0%| F|  |TAMS 0x00000000c8d00000, 0x00000000c8d00000| Untracked 
| 142|0x00000000c8e00000, 0x00000000c8e00000, 0x00000000c8f00000|  0%| F|  |TAMS 0x00000000c8e00000, 0x00000000c8e00000| Untracked 
| 143|0x00000000c8f00000, 0x00000000c8f00000, 0x00000000c9000000|  0%| F|  |TAMS 0x00000000c8f00000, 0x00000000c8f00000| Untracked 
| 144|0x00000000c9000000, 0x00000000c9000000, 0x00000000c9100000|  0%| F|  |TAMS 0x00000000c9000000, 0x00000000c9000000| Untracked 
| 145|0x00000000c9100000, 0x00000000c9100000, 0x00000000c9200000|  0%| F|  |TAMS 0x00000000c9100000, 0x00000000c9100000| Untracked 
| 146|0x00000000c9200000, 0x00000000c9200000, 0x00000000c9300000|  0%| F|  |TAMS 0x00000000c9200000, 0x00000000c9200000| Untracked 
| 147|0x00000000c9300000, 0x00000000c9300000, 0x00000000c9400000|  0%| F|  |TAMS 0x00000000c9300000, 0x00000000c9300000| Untracked 
| 148|0x00000000c9400000, 0x00000000c9400000, 0x00000000c9500000|  0%| F|  |TAMS 0x00000000c9400000, 0x00000000c9400000| Untracked 
| 149|0x00000000c9500000, 0x00000000c9500000, 0x00000000c9600000|  0%| F|  |TAMS 0x00000000c9500000, 0x00000000c9500000| Untracked 
| 150|0x00000000c9600000, 0x00000000c9600000, 0x00000000c9700000|  0%| F|  |TAMS 0x00000000c9600000, 0x00000000c9600000| Untracked 
| 151|0x00000000c9700000, 0x00000000c9758f90, 0x00000000c9800000| 34%| E|  |TAMS 0x00000000c9700000, 0x00000000c9700000| Complete 
| 152|0x00000000c9800000, 0x00000000c9900000, 0x00000000c9900000|100%| E|CS|TAMS 0x00000000c9800000, 0x00000000c9800000| Complete 
| 153|0x00000000c9900000, 0x00000000c9a00000, 0x00000000c9a00000|100%| E|CS|TAMS 0x00000000c9900000, 0x00000000c9900000| Complete 
| 154|0x00000000c9a00000, 0x00000000c9b00000, 0x00000000c9b00000|100%| E|CS|TAMS 0x00000000c9a00000, 0x00000000c9a00000| Complete 
| 155|0x00000000c9b00000, 0x00000000c9c00000, 0x00000000c9c00000|100%| E|CS|TAMS 0x00000000c9b00000, 0x00000000c9b00000| Complete 
| 156|0x00000000c9c00000, 0x00000000c9d00000, 0x00000000c9d00000|100%| E|CS|TAMS 0x00000000c9c00000, 0x00000000c9c00000| Complete 
| 157|0x00000000c9d00000, 0x00000000c9e00000, 0x00000000c9e00000|100%| E|CS|TAMS 0x00000000c9d00000, 0x00000000c9d00000| Complete 
| 158|0x00000000c9e00000, 0x00000000c9f00000, 0x00000000c9f00000|100%| E|CS|TAMS 0x00000000c9e00000, 0x00000000c9e00000| Complete 
| 159|0x00000000c9f00000, 0x00000000ca000000, 0x00000000ca000000|100%| E|CS|TAMS 0x00000000c9f00000, 0x00000000c9f00000| Complete 
| 160|0x00000000ca000000, 0x00000000ca100000, 0x00000000ca100000|100%| E|CS|TAMS 0x00000000ca000000, 0x00000000ca000000| Complete 
| 161|0x00000000ca100000, 0x00000000ca200000, 0x00000000ca200000|100%| E|CS|TAMS 0x00000000ca100000, 0x00000000ca100000| Complete 

Card table byte_map: [0x00000204a7de0000,0x00000204a7fe0000] _byte_map_base: 0x00000204a77e0000

Marking Bits (Prev, Next): (CMBitMap*) 0x000002048e8cf978, (CMBitMap*) 0x000002048e8cf9b0
 Prev Bits: [0x00000204a81e0000, 0x00000204a91e0000)
 Next Bits: [0x00000204a91e0000, 0x00000204aa1e0000)

Polling page: 0x000002048e970000

Metaspace:

Usage:
  Non-class:    109.48 MB capacity,   107.56 MB ( 98%) used,     1.51 MB (  1%) free+waste,   423.81 KB ( <1%) overhead. 
      Class:     16.28 MB capacity,    14.91 MB ( 92%) used,     1.18 MB (  7%) free+waste,   196.19 KB (  1%) overhead. 
       Both:    125.77 MB capacity,   122.47 MB ( 97%) used,     2.69 MB (  2%) free+waste,   620.00 KB ( <1%) overhead. 

Virtual space:
  Non-class space:      110.00 MB reserved,     109.50 MB (>99%) committed 
      Class space:        1.00 GB reserved,      16.38 MB (  2%) committed 
             Both:        1.11 GB reserved,     125.88 MB ( 11%) committed 

Chunk freelists:
   Non-Class:  18.00 KB
       Class:  2.00 KB
        Both:  20.00 KB

MaxMetaspaceSize: 17179869184.00 GB
CompressedClassSpaceSize: 1.00 GB
Initial GC threshold: 20.80 MB
Current GC threshold: 209.79 MB
CDS: off

CodeHeap 'non-profiled nmethods': size=120064Kb used=7998Kb max_used=7998Kb free=112065Kb
 bounds [0x00000204a0280000, 0x00000204a0a50000, 0x00000204a77c0000]
CodeHeap 'profiled nmethods': size=120000Kb used=30811Kb max_used=30811Kb free=89188Kb
 bounds [0x0000020498d50000, 0x000002049ab70000, 0x00000204a0280000]
CodeHeap 'non-nmethods': size=5696Kb used=1840Kb max_used=1904Kb free=3856Kb
 bounds [0x00000204987c0000, 0x0000020498a30000, 0x0000020498d50000]
 total_blobs=13727 nmethods=12780 adapters=856
 compilation: enabled
              stopped_count=0, restarted_count=0
 full_count=0

Compilation events (20 events):
Event: 100.616 Thread 0x00000204acdcd000 nmethod 12815 0x00000204a0a48890 code [0x00000204a0a48c80, 0x00000204a0a4b110]
Event: 100.620 Thread 0x00000204acdcd000 12826       4       java.nio.charset.CharsetEncoder::replaceWith (89 bytes)
Event: 100.625 Thread 0x00000204acdcd000 nmethod 12826 0x00000204a0a4d010 code [0x00000204a0a4d1c0, 0x00000204a0a4d478]
Event: 100.625 Thread 0x00000204acdcd000 12828       4       java.lang.Math::floorDiv (31 bytes)
Event: 100.626 Thread 0x00000204acdcd000 nmethod 12828 0x00000204a0a4d690 code [0x00000204a0a4d820, 0x00000204a0a4d8d8]
Event: 100.626 Thread 0x00000204acdcd000 12827       4       sun.nio.cs.UTF_8$Encoder::isLegalReplacement (26 bytes)
Event: 100.627 Thread 0x00000204acdcd000 nmethod 12827 0x00000204a0a4d990 code [0x00000204a0a4db20, 0x00000204a0a4dbf8]
Event: 100.627 Thread 0x00000204acdce000 12829   !   3       java.nio.channels.Channels::writeFully (60 bytes)
Event: 100.628 Thread 0x00000204acdcd000 12830       4       org.objectweb.asm.MethodWriter::putFrameType (84 bytes)
Event: 100.628 Thread 0x00000204acdce000 nmethod 12829 0x000002049ab5b810 code [0x000002049ab5bac0, 0x000002049ab5c908]
Event: 100.634 Thread 0x00000204acdce000 12836       3       org.objectweb.asm.commons.CodeSizeEvaluator::visitMethodInsn (99 bytes)
Event: 100.634 Thread 0x00000204acdce000 nmethod 12836 0x000002049ab5ce10 code [0x000002049ab5cfe0, 0x000002049ab5d258]
Event: 100.635 Thread 0x00000204acdcd000 nmethod 12830 0x00000204a0a4dd10 code [0x00000204a0a4df20, 0x00000204a0a4e3b0]
Event: 100.635 Thread 0x00000204acdcd000 12833       4       org.objectweb.asm.Type::getArgumentsAndReturnSizes (140 bytes)
Event: 100.652 Thread 0x00000204acdce000 12839       2       org.objectweb.asm.AnnotationWriter::visitEnum (63 bytes)
Event: 100.652 Thread 0x00000204acdce000 nmethod 12839 0x000002049ab5d310 code [0x000002049ab5d500, 0x000002049ab5d738]
Event: 100.660 Thread 0x00000204acdcd000 nmethod 12833 0x00000204a0a4e890 code [0x00000204a0a4ea60, 0x00000204a0a4f2c8]
Event: 100.660 Thread 0x00000204acdcd000 12831       4       org.objectweb.asm.ClassReader::readStackMapFrame (535 bytes)
Event: 100.713 Thread 0x00000204acdce000 12842       2       org.objectweb.asm.ClassWriter::visitOuterClass (37 bytes)
Event: 100.714 Thread 0x00000204acdce000 nmethod 12842 0x000002049ab5d990 code [0x000002049ab5db60, 0x000002049ab5dcf8]

GC Heap History (20 events):
Event: 85.612 GC heap before
{Heap before GC invocations=77 (full 0):
 garbage-first heap   total 138240K, used 112081K [0x00000000c0000000, 0x0000000100000000)
  region size 1024K, 37 young (37888K), 3 survivors (3072K)
 Metaspace       used 121218K, capacity 124355K, committed 124544K, reserved 1157120K
  class space    used 14857K, capacity 16155K, committed 16256K, reserved 1048576K
}
Event: 85.639 GC heap after
{Heap after GC invocations=78 (full 0):
 garbage-first heap   total 138240K, used 80697K [0x00000000c0000000, 0x0000000100000000)
  region size 1024K, 5 young (5120K), 5 survivors (5120K)
 Metaspace       used 121218K, capacity 124355K, committed 124544K, reserved 1157120K
  class space    used 14857K, capacity 16155K, committed 16256K, reserved 1048576K
}
Event: 89.481 GC heap before
{Heap before GC invocations=79 (full 0):
 garbage-first heap   total 138240K, used 113465K [0x00000000c0000000, 0x0000000100000000)
  region size 1024K, 37 young (37888K), 5 survivors (5120K)
 Metaspace       used 122929K, capacity 126130K, committed 126208K, reserved 1159168K
  class space    used 15048K, capacity 16376K, committed 16384K, reserved 1048576K
}
Event: 89.529 GC heap after
{Heap after GC invocations=80 (full 0):
 garbage-first heap   total 138240K, used 83254K [0x00000000c0000000, 0x0000000100000000)
  region size 1024K, 3 young (3072K), 3 survivors (3072K)
 Metaspace       used 122929K, capacity 126130K, committed 126208K, reserved 1159168K
  class space    used 15048K, capacity 16376K, committed 16384K, reserved 1048576K
}
Event: 92.601 GC heap before
{Heap before GC invocations=80 (full 0):
 garbage-first heap   total 138240K, used 112950K [0x00000000c0000000, 0x0000000100000000)
  region size 1024K, 33 young (33792K), 3 survivors (3072K)
 Metaspace       used 123754K, capacity 126992K, committed 127104K, reserved 1159168K
  class space    used 15116K, capacity 16479K, committed 16512K, reserved 1048576K
}
Event: 92.620 GC heap after
{Heap after GC invocations=81 (full 0):
 garbage-first heap   total 138240K, used 84657K [0x00000000c0000000, 0x0000000100000000)
  region size 1024K, 4 young (4096K), 4 survivors (4096K)
 Metaspace       used 123754K, capacity 126992K, committed 127104K, reserved 1159168K
  class space    used 15116K, capacity 16479K, committed 16512K, reserved 1048576K
}
Event: 95.595 GC heap before
{Heap before GC invocations=82 (full 0):
 garbage-first heap   total 138240K, used 113329K [0x00000000c0000000, 0x0000000100000000)
  region size 1024K, 34 young (34816K), 4 survivors (4096K)
 Metaspace       used 124936K, capacity 128255K, committed 128512K, reserved 1161216K
  class space    used 15238K, capacity 16632K, committed 16640K, reserved 1048576K
}
Event: 95.616 GC heap after
{Heap after GC invocations=83 (full 0):
 garbage-first heap   total 138240K, used 84731K [0x00000000c0000000, 0x0000000100000000)
  region size 1024K, 3 young (3072K), 3 survivors (3072K)
 Metaspace       used 124936K, capacity 128255K, committed 128512K, reserved 1161216K
  class space    used 15238K, capacity 16632K, committed 16640K, reserved 1048576K
}
Event: 95.767 GC heap before
{Heap before GC invocations=83 (full 0):
 garbage-first heap   total 138240K, used 86779K [0x00000000c0000000, 0x0000000100000000)
  region size 1024K, 6 young (6144K), 3 survivors (3072K)
 Metaspace       used 124968K, capacity 128319K, committed 128512K, reserved 1161216K
  class space    used 15238K, capacity 16632K, committed 16640K, reserved 1048576K
}
Event: 95.796 GC heap after
{Heap after GC invocations=84 (full 0):
 garbage-first heap   total 138240K, used 77672K [0x00000000c0000000, 0x0000000100000000)
  region size 1024K, 1 young (1024K), 1 survivors (1024K)
 Metaspace       used 124968K, capacity 128319K, committed 128512K, reserved 1161216K
  class space    used 15238K, capacity 16632K, committed 16640K, reserved 1048576K
}
Event: 96.730 GC heap before
{Heap before GC invocations=84 (full 0):
 garbage-first heap   total 138240K, used 110440K [0x00000000c0000000, 0x0000000100000000)
  region size 1024K, 34 young (34816K), 1 survivors (1024K)
 Metaspace       used 125325K, capacity 128655K, committed 128896K, reserved 1161216K
  class space    used 15268K, capacity 16676K, committed 16768K, reserved 1048576K
}
Event: 96.760 GC heap after
{Heap after GC invocations=85 (full 0):
 garbage-first heap   total 138240K, used 82245K [0x00000000c0000000, 0x0000000100000000)
  region size 1024K, 5 young (5120K), 5 survivors (5120K)
 Metaspace       used 125325K, capacity 128655K, committed 128896K, reserved 1161216K
  class space    used 15268K, capacity 16676K, committed 16768K, reserved 1048576K
}
Event: 98.815 GC heap before
{Heap before GC invocations=86 (full 0):
 garbage-first heap   total 138240K, used 112965K [0x00000000c0000000, 0x0000000100000000)
  region size 1024K, 35 young (35840K), 5 survivors (5120K)
 Metaspace       used 125331K, capacity 128649K, committed 128896K, reserved 1161216K
  class space    used 15267K, capacity 16673K, committed 16768K, reserved 1048576K
}
Event: 98.891 GC heap after
{Heap after GC invocations=87 (full 0):
 garbage-first heap   total 138240K, used 91337K [0x00000000c0000000, 0x0000000100000000)
  region size 1024K, 5 young (5120K), 5 survivors (5120K)
 Metaspace       used 125331K, capacity 128649K, committed 128896K, reserved 1161216K
  class space    used 15267K, capacity 16673K, committed 16768K, reserved 1048576K
}
Event: 98.899 GC heap before
{Heap before GC invocations=87 (full 0):
 garbage-first heap   total 138240K, used 92361K [0x00000000c0000000, 0x0000000100000000)
  region size 1024K, 6 young (6144K), 5 survivors (5120K)
 Metaspace       used 125331K, capacity 128649K, committed 128896K, reserved 1161216K
  class space    used 15267K, capacity 16673K, committed 16768K, reserved 1048576K
}
Event: 98.946 GC heap after
{Heap after GC invocations=88 (full 0):
 garbage-first heap   total 138240K, used 91577K [0x00000000c0000000, 0x0000000100000000)
  region size 1024K, 1 young (1024K), 1 survivors (1024K)
 Metaspace       used 125331K, capacity 128649K, committed 128896K, reserved 1161216K
  class space    used 15267K, capacity 16673K, committed 16768K, reserved 1048576K
}
Event: 99.827 GC heap before
{Heap before GC invocations=88 (full 0):
 garbage-first heap   total 138240K, used 110009K [0x00000000c0000000, 0x0000000100000000)
  region size 1024K, 20 young (20480K), 1 survivors (1024K)
 Metaspace       used 125400K, capacity 128784K, committed 128896K, reserved 1161216K
  class space    used 15267K, capacity 16674K, committed 16768K, reserved 1048576K
}
Event: 99.868 GC heap after
{Heap after GC invocations=89 (full 0):
 garbage-first heap   total 138240K, used 94720K [0x00000000c0000000, 0x0000000100000000)
  region size 1024K, 3 young (3072K), 3 survivors (3072K)
 Metaspace       used 125400K, capacity 128784K, committed 128896K, reserved 1161216K
  class space    used 15267K, capacity 16674K, committed 16768K, reserved 1048576K
}
Event: 100.722 GC heap before
{Heap before GC invocations=89 (full 0):
 garbage-first heap   total 138240K, used 111104K [0x00000000c0000000, 0x0000000100000000)
  region size 1024K, 20 young (20480K), 3 survivors (3072K)
 Metaspace       used 125404K, capacity 128784K, committed 128896K, reserved 1161216K
  class space    used 15267K, capacity 16674K, committed 16768K, reserved 1048576K
}
Event: 100.744 GC heap after
{Heap after GC invocations=90 (full 0):
 garbage-first heap   total 165888K, used 95508K [0x00000000c0000000, 0x0000000100000000)
  region size 1024K, 1 young (1024K), 1 survivors (1024K)
 Metaspace       used 125404K, capacity 128784K, committed 128896K, reserved 1161216K
  class space    used 15267K, capacity 16674K, committed 16768K, reserved 1048576K
}

Deoptimization events (20 events):
Event: 99.415 Thread 0x00000204af63b800 Uncommon trap: trap_request=0xffffffd6 fr.pc=0x00000204a0a18ccc relative=0x0000000000000b6c
Event: 99.415 Thread 0x00000204af63b800 Uncommon trap: reason=array_check action=maybe_recompile pc=0x00000204a0a18ccc method=com.google.common.collect.RegularImmutableMap.fromEntryArrayCheckingBucketOverflow(I[Ljava/util/Map$Entry;Z)Lcom/google/common/collect/ImmutableMap; @ 220 c2
Event: 99.415 Thread 0x00000204af63b800 DEOPT PACKING pc=0x00000204a0a18ccc sp=0x0000005e35cf6040
Event: 99.415 Thread 0x00000204af63b800 DEOPT UNPACKING pc=0x000002049880a1a9 sp=0x0000005e35cf5ff8 mode 2
Event: 99.488 Thread 0x00000204b1b39000 Uncommon trap: trap_request=0xffffffd6 fr.pc=0x00000204a0a18ccc relative=0x0000000000000b6c
Event: 99.488 Thread 0x00000204b1b39000 Uncommon trap: reason=array_check action=maybe_recompile pc=0x00000204a0a18ccc method=com.google.common.collect.RegularImmutableMap.fromEntryArrayCheckingBucketOverflow(I[Ljava/util/Map$Entry;Z)Lcom/google/common/collect/ImmutableMap; @ 220 c2
Event: 99.488 Thread 0x00000204b1b39000 DEOPT PACKING pc=0x00000204a0a18ccc sp=0x0000005e36efc7a0
Event: 99.488 Thread 0x00000204b1b39000 DEOPT UNPACKING pc=0x000002049880a1a9 sp=0x0000005e36efc758 mode 2
Event: 99.492 Thread 0x00000204b1b39000 Uncommon trap: trap_request=0xffffffd6 fr.pc=0x00000204a0a18ccc relative=0x0000000000000b6c
Event: 99.492 Thread 0x00000204b1b39000 Uncommon trap: reason=array_check action=maybe_recompile pc=0x00000204a0a18ccc method=com.google.common.collect.RegularImmutableMap.fromEntryArrayCheckingBucketOverflow(I[Ljava/util/Map$Entry;Z)Lcom/google/common/collect/ImmutableMap; @ 220 c2
Event: 99.492 Thread 0x00000204b1b39000 DEOPT PACKING pc=0x00000204a0a18ccc sp=0x0000005e36efc4c0
Event: 99.492 Thread 0x00000204b1b39000 DEOPT UNPACKING pc=0x000002049880a1a9 sp=0x0000005e36efc478 mode 2
Event: 99.518 Thread 0x00000204af540000 DEOPT PACKING pc=0x000002049a967470 sp=0x0000005e360fe6b0
Event: 99.518 Thread 0x00000204af540000 DEOPT UNPACKING pc=0x000002049880a93f sp=0x0000005e360fdb68 mode 0
Event: 99.579 Thread 0x00000204af63b800 DEOPT PACKING pc=0x000002049aa69bd0 sp=0x0000005e35cf4110
Event: 99.579 Thread 0x00000204af63b800 DEOPT UNPACKING pc=0x000002049880a93f sp=0x0000005e35cf3628 mode 0
Event: 99.642 Thread 0x00000204af63b800 DEOPT PACKING pc=0x000002049aa69bd0 sp=0x0000005e35cf40c0
Event: 99.642 Thread 0x00000204af63b800 DEOPT UNPACKING pc=0x000002049880a93f sp=0x0000005e35cf35d8 mode 0
Event: 99.675 Thread 0x00000204af63b800 DEOPT PACKING pc=0x000002049aa69bd0 sp=0x0000005e35cf3b20
Event: 99.675 Thread 0x00000204af63b800 DEOPT UNPACKING pc=0x000002049880a93f sp=0x0000005e35cf3038 mode 0

Classes redefined (0 events):
No events

Internal exceptions (20 events):
Event: 78.218 Thread 0x00000204af63b800 Exception <a 'sun/nio/fs/WindowsException'{0x00000000c7187708}> (0x00000000c7187708) thrown at [./src/hotspot/share/prims/jni.cpp, line 617]
Event: 84.818 Thread 0x00000204af63b800 Exception <a 'sun/nio/fs/WindowsException'{0x00000000c6b94a88}> (0x00000000c6b94a88) thrown at [./src/hotspot/share/prims/jni.cpp, line 617]
Event: 84.821 Thread 0x00000204af63b800 Exception <a 'sun/nio/fs/WindowsException'{0x00000000c6b96418}> (0x00000000c6b96418) thrown at [./src/hotspot/share/prims/jni.cpp, line 617]
Event: 84.842 Thread 0x00000204af63b800 Exception <a 'sun/nio/fs/WindowsException'{0x00000000c6ba1190}> (0x00000000c6ba1190) thrown at [./src/hotspot/share/prims/jni.cpp, line 617]
Event: 84.848 Thread 0x00000204af63b800 Exception <a 'sun/nio/fs/WindowsException'{0x00000000c6ba9790}> (0x00000000c6ba9790) thrown at [./src/hotspot/share/prims/jni.cpp, line 617]
Event: 84.861 Thread 0x00000204af63b800 Exception <a 'sun/nio/fs/WindowsException'{0x00000000c6bb2780}> (0x00000000c6bb2780) thrown at [./src/hotspot/share/prims/jni.cpp, line 617]
Event: 85.333 Thread 0x00000204af63b800 Exception <a 'java/lang/NoSuchMethodError'{0x00000000c6714dc8}: <clinit>> (0x00000000c6714dc8) thrown at [./src/hotspot/share/prims/jni.cpp, line 1367]
Event: 85.356 Thread 0x00000204af63b800 Exception <a 'java/lang/NoSuchMethodError'{0x00000000c6751cd0}: <clinit>> (0x00000000c6751cd0) thrown at [./src/hotspot/share/prims/jni.cpp, line 1367]
Event: 85.364 Thread 0x00000204af63b800 Exception <a 'java/lang/NoSuchMethodError'{0x00000000c6788a88}: <clinit>> (0x00000000c6788a88) thrown at [./src/hotspot/share/prims/jni.cpp, line 1367]
Event: 85.364 Thread 0x00000204af63b800 Exception <a 'java/lang/NoSuchMethodError'{0x00000000c678c240}: <clinit>> (0x00000000c678c240) thrown at [./src/hotspot/share/prims/jni.cpp, line 1367]
Event: 85.367 Thread 0x00000204af63b800 Exception <a 'java/lang/NoSuchMethodError'{0x00000000c67a6300}: <clinit>> (0x00000000c67a6300) thrown at [./src/hotspot/share/prims/jni.cpp, line 1367]
Event: 85.405 Thread 0x00000204af63b800 Exception <a 'java/lang/NoSuchMethodError'{0x00000000c66636c0}: <clinit>> (0x00000000c66636c0) thrown at [./src/hotspot/share/prims/jni.cpp, line 1367]
Event: 85.408 Thread 0x00000204af63b800 Exception <a 'java/lang/NoSuchMethodError'{0x00000000c667ae70}: <clinit>> (0x00000000c667ae70) thrown at [./src/hotspot/share/prims/jni.cpp, line 1367]
Event: 85.427 Thread 0x00000204af63b800 Exception <a 'java/lang/NoSuchMethodError'{0x00000000c66ce708}: 'void java.lang.invoke.DirectMethodHandle$Holder.invokeSpecial(java.lang.Object, java.lang.Object, java.lang.Object, int)'> (0x00000000c66ce708) thrown at [./src/hotspot/share/interpreter/linkResolver.cpp, line 773]
Event: 86.713 Thread 0x00000204af63b800 Exception <a 'java/lang/NoSuchMethodError'{0x00000000c7e21640}: 'int java.lang.invoke.DirectMethodHandle$Holder.invokeSpecialIFC(java.lang.Object, java.lang.Object, java.lang.Object)'> (0x00000000c7e21640) thrown at [./src/hotspot/share/interpreter/linkResolver.cpp, line 773]
Event: 87.338 Thread 0x00000204af63b800 Exception <a 'java/lang/NoSuchMethodError'{0x00000000c767d8d0}: 'void java.lang.invoke.DirectMethodHandle$Holder.invokeStatic(java.lang.Object, java.lang.Object, java.lang.Object, int, java.lang.Object)'> (0x00000000c767d8d0) thrown at [./src/hotspot/share/interpreter/linkResolver.cpp, line 773]
Event: 93.184 Thread 0x00000204af63b800 Exception <a 'java/lang/NoSuchMethodError'{0x00000000c83bed68}: 'java.lang.Object java.lang.invoke.DirectMethodHandle$Holder.invokeSpecialIFC(java.lang.Object, java.lang.Object, java.lang.Object)'> (0x00000000c83bed68) thrown at [./src/hotspot/share/interpreter/linkResolver.cpp, line 773]
Event: 95.084 Thread 0x00000204b1b39000 Exception <a 'sun/nio/fs/WindowsException'{0x00000000c7132600}> (0x00000000c7132600) thrown at [./src/hotspot/share/prims/jni.cpp, line 617]
Event: 95.090 Thread 0x00000204af63b800 Exception <a 'sun/nio/fs/WindowsException'{0x00000000c7211e50}> (0x00000000c7211e50) thrown at [./src/hotspot/share/prims/jni.cpp, line 617]
Event: 99.561 Thread 0x00000204af63b800 Exception <a 'sun/nio/fs/WindowsException'{0x00000000c7ba13e0}> (0x00000000c7ba13e0) thrown at [./src/hotspot/share/prims/jni.cpp, line 617]

Events (20 events):
Event: 96.567 loading class org/gradle/api/internal/initialization/transform/services/CacheInstrumentationDataBuildService$ResolutionData
Event: 96.567 loading class org/gradle/api/internal/initialization/transform/services/CacheInstrumentationDataBuildService$ResolutionData done
Event: 96.569 loading class org/gradle/api/internal/initialization/transform/utils/CachedInstrumentationAnalysisSerializer
Event: 96.569 loading class org/gradle/api/internal/initialization/transform/utils/CachedInstrumentationAnalysisSerializer done
Event: 96.720 Executing VM operation: G1CollectForAllocation
Event: 96.761 Executing VM operation: G1CollectForAllocation done
Event: 96.942 Executing VM operation: CGC_Operation
Event: 97.883 Executing VM operation: CGC_Operation done
Event: 98.115 Executing VM operation: CGC_Operation
Event: 98.116 Executing VM operation: CGC_Operation done
Event: 98.524 Executing VM operation: RevokeBias
Event: 98.524 Executing VM operation: RevokeBias done
Event: 98.815 Executing VM operation: G1CollectForAllocation
Event: 98.891 Executing VM operation: G1CollectForAllocation done
Event: 98.899 Executing VM operation: G1CollectForAllocation
Event: 98.946 Executing VM operation: G1CollectForAllocation done
Event: 99.826 Executing VM operation: G1CollectForAllocation
Event: 99.868 Executing VM operation: G1CollectForAllocation done
Event: 100.722 Executing VM operation: G1CollectForAllocation
Event: 100.744 Executing VM operation: G1CollectForAllocation done


Dynamic libraries:
0x00007ff6f9e10000 - 0x00007ff6f9e1d000 	C:\Program Files\Microsoft\jdk-11.0.16.101-hotspot\bin\java.exe
0x00007fffbe5b0000 - 0x00007fffbe7c8000 	C:\Windows\SYSTEM32\ntdll.dll
0x00007fffbcab0000 - 0x00007fffbcb74000 	C:\Windows\System32\KERNEL32.DLL
0x00007fffbbe40000 - 0x00007fffbc213000 	C:\Windows\System32\KERNELBASE.dll
0x00007fffbbd20000 - 0x00007fffbbe31000 	C:\Windows\System32\ucrtbase.dll
0x00007fff9bc90000 - 0x00007fff9bca7000 	C:\Program Files\Microsoft\jdk-11.0.16.101-hotspot\bin\jli.dll
0x00007fff9bc70000 - 0x00007fff9bc85000 	C:\Program Files\Microsoft\jdk-11.0.16.101-hotspot\bin\VCRUNTIME140.dll
0x00007fffbe1b0000 - 0x00007fffbe362000 	C:\Windows\System32\USER32.dll
0x00007fffbb940000 - 0x00007fffbb966000 	C:\Windows\System32\win32u.dll
0x00007fffbe370000 - 0x00007fffbe399000 	C:\Windows\System32\GDI32.dll
0x00007fffa9370000 - 0x00007fffa960c000 	C:\Windows\WinSxS\amd64_microsoft.windows.common-controls_6595b64144ccf1df_6.0.22621.6060_none_2712eda17382d24b\COMCTL32.dll
0x00007fffbbbf0000 - 0x00007fffbbd13000 	C:\Windows\System32\gdi32full.dll
0x00007fffbc250000 - 0x00007fffbc2f7000 	C:\Windows\System32\msvcrt.dll
0x00007fffbb6b0000 - 0x00007fffbb74a000 	C:\Windows\System32\msvcp_win.dll
0x00007fffbc590000 - 0x00007fffbc5c1000 	C:\Windows\System32\IMM32.DLL
0x00007fff9acf0000 - 0x00007fff9ad8b000 	C:\Program Files\Microsoft\jdk-11.0.16.101-hotspot\bin\msvcp140.dll
0x00007fff02390000 - 0x00007fff02f1a000 	C:\Program Files\Microsoft\jdk-11.0.16.101-hotspot\bin\server\jvm.dll
0x00007fffbda30000 - 0x00007fffbdae1000 	C:\Windows\System32\ADVAPI32.dll
0x00007fffbcc00000 - 0x00007fffbcca8000 	C:\Windows\System32\sechost.dll
0x00007fffbc220000 - 0x00007fffbc248000 	C:\Windows\System32\bcrypt.dll
0x00007fffbd050000 - 0x00007fffbd168000 	C:\Windows\System32\RPCRT4.dll
0x00007fffbc7f0000 - 0x00007fffbc7f8000 	C:\Windows\System32\PSAPI.DLL
0x00007fff7d5b0000 - 0x00007fff7d5b9000 	C:\Windows\SYSTEM32\WSOCK32.dll
0x00007fffbc8b0000 - 0x00007fffbc921000 	C:\Windows\System32\WS2_32.dll
0x00007fffb26f0000 - 0x00007fffb2724000 	C:\Windows\SYSTEM32\WINMM.dll
0x00007fffa6f90000 - 0x00007fffa6f9a000 	C:\Windows\SYSTEM32\VERSION.dll
0x00007fffba650000 - 0x00007fffba668000 	C:\Windows\SYSTEM32\kernel.appcore.dll
0x00007fffacfd0000 - 0x00007fffacfe0000 	C:\Program Files\Microsoft\jdk-11.0.16.101-hotspot\bin\verify.dll
0x00007fffb8fa0000 - 0x00007fffb91d3000 	C:\Windows\SYSTEM32\DBGHELP.DLL
0x00007fffbccb0000 - 0x00007fffbd042000 	C:\Windows\System32\combase.dll
0x00007fffbdaf0000 - 0x00007fffbdbc8000 	C:\Windows\System32\OLEAUT32.dll
0x00007fff89880000 - 0x00007fff898b2000 	C:\Windows\SYSTEM32\dbgcore.DLL
0x00007fffbb970000 - 0x00007fffbb9eb000 	C:\Windows\System32\bcryptPrimitives.dll
0x00007fff9acc0000 - 0x00007fff9ace8000 	C:\Program Files\Microsoft\jdk-11.0.16.101-hotspot\bin\java.dll
0x00007fffa9100000 - 0x00007fffa910a000 	C:\Program Files\Microsoft\jdk-11.0.16.101-hotspot\bin\jimage.dll
0x00007fff9ac20000 - 0x00007fff9ac2e000 	C:\Program Files\Microsoft\jdk-11.0.16.101-hotspot\bin\instrument.dll
0x00007fff9b330000 - 0x00007fff9b348000 	C:\Program Files\Microsoft\jdk-11.0.16.101-hotspot\bin\zip.dll
0x00007fffbd170000 - 0x00007fffbda0e000 	C:\Windows\System32\SHELL32.dll
0x00007fffbbab0000 - 0x00007fffbbbef000 	C:\Windows\System32\wintypes.dll
0x00007fffb9540000 - 0x00007fffb9e58000 	C:\Windows\SYSTEM32\windows.storage.dll
0x00007fffbc300000 - 0x00007fffbc404000 	C:\Windows\System32\SHCORE.dll
0x00007fffbc770000 - 0x00007fffbc7d9000 	C:\Windows\System32\shlwapi.dll
0x00007fffbb5e0000 - 0x00007fffbb605000 	C:\Windows\SYSTEM32\profapi.dll
0x00007fff9aca0000 - 0x00007fff9acb9000 	C:\Program Files\Microsoft\jdk-11.0.16.101-hotspot\bin\net.dll
0x00007fffb1340000 - 0x00007fffb146c000 	C:\Windows\SYSTEM32\WINHTTP.dll
0x00007fffbab40000 - 0x00007fffbaba9000 	C:\Windows\system32\mswsock.dll
0x00007fff9ac80000 - 0x00007fff9ac93000 	C:\Program Files\Microsoft\jdk-11.0.16.101-hotspot\bin\nio.dll
0x00007fff9bcb0000 - 0x00007fff9bcd7000 	C:\Users\Reneilwe\.gradle\native\1def1411415f61bf3af743bc5b6707747c0891f09f0c88961ee8f79bc544acac\windows-amd64\native-platform.dll
0x00007fff79d90000 - 0x00007fff79e08000 	C:\Users\Reneilwe\.gradle\native\0.2.7\x86_64-windows-gnu\gradle-fileevents.dll
0x00007fffa8e50000 - 0x00007fffa8e59000 	C:\Program Files\Microsoft\jdk-11.0.16.101-hotspot\bin\management.dll
0x00007fff9b890000 - 0x00007fff9b89b000 	C:\Program Files\Microsoft\jdk-11.0.16.101-hotspot\bin\management_ext.dll
0x00007fffba150000 - 0x00007fffba17d000 	C:\Windows\SYSTEM32\IPHLPAPI.DLL
0x00007fffbcbf0000 - 0x00007fffbcbf9000 	C:\Windows\System32\NSI.dll
0x00007fffb1320000 - 0x00007fffb1339000 	C:\Windows\SYSTEM32\dhcpcsvc6.DLL
0x00007fffb1300000 - 0x00007fffb131f000 	C:\Windows\SYSTEM32\dhcpcsvc.DLL
0x00007fffba180000 - 0x00007fffba278000 	C:\Windows\SYSTEM32\DNSAPI.dll
0x00007fffbadc0000 - 0x00007fffbaddb000 	C:\Windows\SYSTEM32\CRYPTSP.dll
0x00007fffba5a0000 - 0x00007fffba5d7000 	C:\Windows\system32\rsaenh.dll
0x00007fffbac30000 - 0x00007fffbac58000 	C:\Windows\SYSTEM32\USERENV.dll
0x00007fffbadb0000 - 0x00007fffbadbc000 	C:\Windows\SYSTEM32\CRYPTBASE.dll

dbghelp: loaded successfully - version: 4.0.5 - missing functions: none
symbol engine: initialized successfully - sym options: 0x614 - pdb path: .;C:\Program Files\Microsoft\jdk-11.0.16.101-hotspot\bin;C:\Windows\SYSTEM32;C:\Windows\WinSxS\amd64_microsoft.windows.common-controls_6595b64144ccf1df_6.0.22621.6060_none_2712eda17382d24b;C:\Program Files\Microsoft\jdk-11.0.16.101-hotspot\bin\server;C:\Users\Reneilwe\.gradle\native\1def1411415f61bf3af743bc5b6707747c0891f09f0c88961ee8f79bc544acac\windows-amd64;C:\Users\Reneilwe\.gradle\native\0.2.7\x86_64-windows-gnu

VM Arguments:
jvm_args: --add-opens=java.base/java.lang=ALL-UNNAMED --add-opens=java.base/java.lang.invoke=ALL-UNNAMED --add-opens=java.base/java.util=ALL-UNNAMED --add-opens=java.prefs/java.util.prefs=ALL-UNNAMED --add-exports=jdk.compiler/com.sun.tools.javac.api=ALL-UNNAMED --add-exports=jdk.compiler/com.sun.tools.javac.util=ALL-UNNAMED --add-opens=java.base/java.util=ALL-UNNAMED --add-opens=java.prefs/java.util.prefs=ALL-UNNAMED --add-opens=java.base/java.nio.charset=ALL-UNNAMED --add-opens=java.base/java.net=ALL-UNNAMED --add-opens=java.base/java.util.concurrent.atomic=ALL-UNNAMED --add-opens=java.xml/javax.xml.namespace=ALL-UNNAMED -Xmx1024m -Dfile.encoding=UTF-8 -Duser.country=ZA -Duser.language=en -Duser.variant -javaagent:C:\Users\Reneilwe\.gradle\wrapper\dists\gradle-8.13-bin\5xuhj0ry160q40clulazy9h7d\gradle-8.13\lib\agents\gradle-instrumentation-agent-8.13.jar 
java_command: org.gradle.launcher.daemon.bootstrap.GradleDaemon 8.13
java_class_path (initial): C:\Users\Reneilwe\.gradle\wrapper\dists\gradle-8.13-bin\5xuhj0ry160q40clulazy9h7d\gradle-8.13\lib\gradle-daemon-main-8.13.jar
Launcher Type: SUN_STANDARD

[Global flags]
     intx CICompilerCount                          = 2                                         {product} {ergonomic}
     uint ConcGCThreads                            = 1                                         {product} {ergonomic}
     uint G1ConcRefinementThreads                  = 2                                         {product} {ergonomic}
   size_t G1HeapRegionSize                         = 1048576                                   {product} {ergonomic}
    uintx GCDrainStackTargetSize                   = 64                                        {product} {ergonomic}
   size_t InitialHeapSize                          = 65011712                                  {product} {ergonomic}
   size_t MarkStackSize                            = 4194304                                   {product} {ergonomic}
   size_t MaxHeapSize                              = 1073741824                                {product} {command line}
   size_t MaxNewSize                               = 643825664                                 {product} {ergonomic}
   size_t MinHeapDeltaBytes                        = 1048576                                   {product} {ergonomic}
    uintx NonNMethodCodeHeapSize                   = 5825164                                {pd product} {ergonomic}
    uintx NonProfiledCodeHeapSize                  = 122916538                              {pd product} {ergonomic}
    uintx ProfiledCodeHeapSize                     = 122916538                              {pd product} {ergonomic}
    uintx ReservedCodeCacheSize                    = 251658240                              {pd product} {ergonomic}
     bool SegmentedCodeCache                       = true                                      {product} {ergonomic}
     bool UseCompressedClassPointers               = true                                 {lp64_product} {ergonomic}
     bool UseCompressedOops                        = true                                 {lp64_product} {ergonomic}
     bool UseG1GC                                  = true                                      {product} {ergonomic}
     bool UseLargePagesIndividualAllocation        = false                                  {pd product} {ergonomic}

Logging:
Log output configuration:
 #0: stdout all=warning uptime,level,tags
 #1: stderr all=off uptime,level,tags

Environment Variables:
CLASSPATH=C:\Users\Reneilwe\AndroidStudioProjects\Lujo_B-outique\\gradle\wrapper\gradle-wrapper.jar
PATH=C:\app\Reneilwe\product\21c\dbhomeXE\bin;C:\Program Files\Microsoft\jdk-11.0.16.101-hotspot\bin;C:\Windows\system32;C:\Windows;C:\Windows\System32\Wbem;C:\Windows\System32\WindowsPowerShell\v1.0\;C:\Windows\System32\OpenSSH\;C:\Program Files\dotnet\;C:\Program Files\Git\cmd;C:\Users\Reneilwe\AppData\Local\Microsoft\WindowsApps;C:\Users\Reneilwe\.dotnet\tools;C:\Program Files\JetBrains\PyCharm 2024.2.4\bin;
USERNAME=Reneilwe
OS=Windows_NT
PROCESSOR_IDENTIFIER=Intel64 Family 6 Model 122 Stepping 8, GenuineIntel
TMP=C:\Users\Reneilwe\AppData\Local\Temp
TEMP=C:\Users\Reneilwe\AppData\Local\Temp



---------------  S Y S T E M  ---------------

OS: Windows 11 , 64 bit Build 22621 (10.0.22621.5415)
OS uptime: 0 days 14:12 hours
Hyper-V role detected

CPU:total 2 (initial active 2) (2 cores per cpu, 1 threads per core) family 6 model 122 stepping 8 microcode 0x1c, cmov, cx8, fxsr, mmx, sse, sse2, sse3, ssse3, sse4.1, sse4.2, popcnt, aes, clmul, erms, 3dnowpref, tsc, tscinvbit, sha

Memory: 4k page, system-wide physical 3918M (215M free)
TotalPageFile size 15694M (AvailPageFile size 6M)
current process WorkingSet (physical memory assigned to process): 367M, peak: 367M
current process commit charge ("private bytes"): 495M, peak: 496M

vm_info: OpenJDK 64-Bit Server VM (11.0.16.1+1-LTS) for windows-amd64 JRE (11.0.16.1+1-LTS), built on Aug 20 2022 20:09:04 by "" with MS VC++ 15.9 (VS2017)

END.
